<?xml version="1.0" encoding="UTF-8"?>
<testsuite name="ru.belozerova.addressbook.tests.GroupCreationTests" tests="3" skipped="0" failures="0" errors="0" timestamp="2018-08-16T19:04:06" hostname="user-ПК" time="12.541">
  <properties/>
  <testcase name="testGroupCreation[0](GroupData{id=0, name='test 0'})" classname="ru.belozerova.addressbook.tests.GroupCreationTests" time="5.858"/>
  <testcase name="testGroupCreation[1](GroupData{id=0, name='test 1'})" classname="ru.belozerova.addressbook.tests.GroupCreationTests" time="3.321"/>
  <testcase name="testGroupCreation[2](GroupData{id=0, name='test 2'})" classname="ru.belozerova.addressbook.tests.GroupCreationTests" time="3.362"/>
  <system-out><![CDATA[]]></system-out>
  <system-err><![CDATA[Security framework of XStream not initialized, XStream is probably vulnerable.
]]></system-err>
</testsuite>
